2024-06-13 17:00:16,035 [DubboServerHandler-10.124.160.155:5321-thread-5][] ERROR com.hrf.demo.jdbc.dao.UserInfoDao #37 - UserInfoDaoImpl insert error!
org.springframework.dao.DataIntegrityViolationException: PreparedStatementCallback; SQL [insert into user_info (user_name,user_id,age,phone) values(?,?,?,?)]; Field 'id' doesn't have a default value; nested exception is java.sql.SQLException: Field 'id' doesn't have a default value
	at org.springframework.jdbc.support.SQLErrorCodeSQLExceptionTranslator.doTranslate(SQLErrorCodeSQLExceptionTranslator.java:251) ~[spring-jdbc-5.3.18.jar:5.3.18]
	at org.springframework.jdbc.support.AbstractFallbackSQLExceptionTranslator.translate(AbstractFallbackSQLExceptionTranslator.java:70) ~[spring-jdbc-5.3.18.jar:5.3.18]
	at org.springframework.jdbc.core.JdbcTemplate.translateException(JdbcTemplate.java:1541) ~[spring-jdbc-5.3.18.jar:5.3.18]
	at org.springframework.jdbc.core.JdbcTemplate.execute(JdbcTemplate.java:667) ~[spring-jdbc-5.3.18.jar:5.3.18]
	at org.springframework.jdbc.core.JdbcTemplate.update(JdbcTemplate.java:960) ~[spring-jdbc-5.3.18.jar:5.3.18]
	at org.springframework.jdbc.core.JdbcTemplate.update(JdbcTemplate.java:1015) ~[spring-jdbc-5.3.18.jar:5.3.18]
	at org.springframework.jdbc.core.JdbcTemplate.update(JdbcTemplate.java:1025) ~[spring-jdbc-5.3.18.jar:5.3.18]
	at com.hrf.demo.jdbc.dao.UserInfoDao.insertUserInfo(UserInfoDao.java:35) [classes/:?]
	at com.hrf.demo.service.UserInfoServiceImpl.getUserInfo(UserInfoServiceImpl.java:26) [classes/:?]
	at com.alibaba.dubbo.common.bytecode.Wrapper1.invokeMethod(Wrapper1.java) [?:2.5.3]
	at com.alibaba.dubbo.rpc.proxy.javassist.JavassistProxyFactory$1.doInvoke(JavassistProxyFactory.java:46) [dubbo-2.5.3.jar:2.5.3]
	at com.alibaba.dubbo.rpc.proxy.AbstractProxyInvoker.invoke(AbstractProxyInvoker.java:72) [dubbo-2.5.3.jar:2.5.3]
	at com.alibaba.dubbo.rpc.protocol.InvokerWrapper.invoke(InvokerWrapper.java:53) [dubbo-2.5.3.jar:2.5.3]
	at com.alibaba.dubbo.rpc.filter.ExceptionFilter.invoke(ExceptionFilter.java:64) [dubbo-2.5.3.jar:2.5.3]
	at com.alibaba.dubbo.rpc.protocol.ProtocolFilterWrapper$1.invoke(ProtocolFilterWrapper.java:91) [dubbo-2.5.3.jar:2.5.3]
	at com.alibaba.dubbo.monitor.support.MonitorFilter.invoke(MonitorFilter.java:75) [dubbo-2.5.3.jar:2.5.3]
	at com.alibaba.dubbo.rpc.protocol.ProtocolFilterWrapper$1.invoke(ProtocolFilterWrapper.java:91) [dubbo-2.5.3.jar:2.5.3]
	at com.alibaba.dubbo.rpc.filter.TimeoutFilter.invoke(TimeoutFilter.java:42) [dubbo-2.5.3.jar:2.5.3]
	at com.alibaba.dubbo.rpc.protocol.ProtocolFilterWrapper$1.invoke(ProtocolFilterWrapper.java:91) [dubbo-2.5.3.jar:2.5.3]
	at com.alibaba.dubbo.rpc.protocol.dubbo.filter.TraceFilter.invoke(TraceFilter.java:78) [dubbo-2.5.3.jar:2.5.3]
	at com.alibaba.dubbo.rpc.protocol.ProtocolFilterWrapper$1.invoke(ProtocolFilterWrapper.java:91) [dubbo-2.5.3.jar:2.5.3]
	at com.alibaba.dubbo.rpc.filter.ContextFilter.invoke(ContextFilter.java:60) [dubbo-2.5.3.jar:2.5.3]
	at com.alibaba.dubbo.rpc.protocol.ProtocolFilterWrapper$1.invoke(ProtocolFilterWrapper.java:91) [dubbo-2.5.3.jar:2.5.3]
	at com.alibaba.dubbo.rpc.filter.GenericFilter.invoke(GenericFilter.java:112) [dubbo-2.5.3.jar:2.5.3]
	at com.alibaba.dubbo.rpc.protocol.ProtocolFilterWrapper$1.invoke(ProtocolFilterWrapper.java:91) [dubbo-2.5.3.jar:2.5.3]
	at com.alibaba.dubbo.rpc.filter.ClassLoaderFilter.invoke(ClassLoaderFilter.java:38) [dubbo-2.5.3.jar:2.5.3]
	at com.alibaba.dubbo.rpc.protocol.ProtocolFilterWrapper$1.invoke(ProtocolFilterWrapper.java:91) [dubbo-2.5.3.jar:2.5.3]
	at com.alibaba.dubbo.rpc.filter.EchoFilter.invoke(EchoFilter.java:38) [dubbo-2.5.3.jar:2.5.3]
	at com.alibaba.dubbo.rpc.protocol.ProtocolFilterWrapper$1.invoke(ProtocolFilterWrapper.java:91) [dubbo-2.5.3.jar:2.5.3]
	at com.alibaba.dubbo.rpc.protocol.dubbo.telnet.InvokeTelnetHandler.telnet(InvokeTelnetHandler.java:98) [dubbo-2.5.3.jar:2.5.3]
	at com.alibaba.dubbo.remoting.telnet.support.TelnetHandlerAdapter.telnet(TelnetHandlerAdapter.java:54) [dubbo-2.5.3.jar:2.5.3]
	at com.alibaba.dubbo.remoting.exchange.support.header.HeaderExchangeHandler.received(HeaderExchangeHandler.java:183) [dubbo-2.5.3.jar:2.5.3]
	at com.alibaba.dubbo.remoting.transport.DecodeHandler.received(DecodeHandler.java:52) [dubbo-2.5.3.jar:2.5.3]
	at com.alibaba.dubbo.remoting.transport.dispatcher.ChannelEventRunnable.run(ChannelEventRunnable.java:82) [dubbo-2.5.3.jar:2.5.3]
	at java.util.concurrent.ThreadPoolExecutor.runWorker(ThreadPoolExecutor.java:1128) [?:?]
	at java.util.concurrent.ThreadPoolExecutor$Worker.run(ThreadPoolExecutor.java:628) [?:?]
	at java.lang.Thread.run(Thread.java:834) [?:?]
Caused by: java.sql.SQLException: Field 'id' doesn't have a default value
	at com.mysql.cj.jdbc.exceptions.SQLError.createSQLException(SQLError.java:129) ~[mysql-connector-java-8.0.28.jar:8.0.28]
	at com.mysql.cj.jdbc.exceptions.SQLExceptionsMapping.translateException(SQLExceptionsMapping.java:122) ~[mysql-connector-java-8.0.28.jar:8.0.28]
	at com.mysql.cj.jdbc.ClientPreparedStatement.executeInternal(ClientPreparedStatement.java:953) ~[mysql-connector-java-8.0.28.jar:8.0.28]
	at com.mysql.cj.jdbc.ClientPreparedStatement.executeUpdateInternal(ClientPreparedStatement.java:1098) ~[mysql-connector-java-8.0.28.jar:8.0.28]
	at com.mysql.cj.jdbc.ClientPreparedStatement.executeUpdateInternal(ClientPreparedStatement.java:1046) ~[mysql-connector-java-8.0.28.jar:8.0.28]
	at com.mysql.cj.jdbc.ClientPreparedStatement.executeLargeUpdate(ClientPreparedStatement.java:1371) ~[mysql-connector-java-8.0.28.jar:8.0.28]
	at com.mysql.cj.jdbc.ClientPreparedStatement.executeUpdate(ClientPreparedStatement.java:1031) ~[mysql-connector-java-8.0.28.jar:8.0.28]
	at com.alibaba.druid.pool.DruidPooledPreparedStatement.executeUpdate(DruidPooledPreparedStatement.java:255) ~[druid-1.2.4.jar:1.2.4]
	at org.springframework.jdbc.core.JdbcTemplate.lambda$update$2(JdbcTemplate.java:965) ~[spring-jdbc-5.3.18.jar:5.3.18]
	at org.springframework.jdbc.core.JdbcTemplate.execute(JdbcTemplate.java:651) ~[spring-jdbc-5.3.18.jar:5.3.18]
	... 33 more
2024-06-13 17:55:27,760 [DubboServerHandler-10.124.160.155:5321-thread-3][] ERROR com.hrf.demo.jdbc.dao.UserInfoDao #37 - UserInfoDaoImpl insert error!
org.springframework.dao.DataIntegrityViolationException: PreparedStatementCallback; SQL [insert into user_info (user_name,user_id,age,phone) values(?,?,?,?)]; Field 'id' doesn't have a default value; nested exception is java.sql.SQLException: Field 'id' doesn't have a default value
	at org.springframework.jdbc.support.SQLErrorCodeSQLExceptionTranslator.doTranslate(SQLErrorCodeSQLExceptionTranslator.java:251) ~[spring-jdbc-5.3.18.jar:5.3.18]
	at org.springframework.jdbc.support.AbstractFallbackSQLExceptionTranslator.translate(AbstractFallbackSQLExceptionTranslator.java:70) ~[spring-jdbc-5.3.18.jar:5.3.18]
	at org.springframework.jdbc.core.JdbcTemplate.translateException(JdbcTemplate.java:1541) ~[spring-jdbc-5.3.18.jar:5.3.18]
	at org.springframework.jdbc.core.JdbcTemplate.execute(JdbcTemplate.java:667) ~[spring-jdbc-5.3.18.jar:5.3.18]
	at org.springframework.jdbc.core.JdbcTemplate.update(JdbcTemplate.java:960) ~[spring-jdbc-5.3.18.jar:5.3.18]
	at org.springframework.jdbc.core.JdbcTemplate.update(JdbcTemplate.java:1015) ~[spring-jdbc-5.3.18.jar:5.3.18]
	at org.springframework.jdbc.core.JdbcTemplate.update(JdbcTemplate.java:1025) ~[spring-jdbc-5.3.18.jar:5.3.18]
	at com.hrf.demo.jdbc.dao.UserInfoDao.insertUserInfo(UserInfoDao.java:35) [classes/:?]
	at com.hrf.demo.service.UserInfoServiceImpl.getUserInfo(UserInfoServiceImpl.java:27) [classes/:?]
	at com.alibaba.dubbo.common.bytecode.Wrapper1.invokeMethod(Wrapper1.java) [?:2.5.3]
	at com.alibaba.dubbo.rpc.proxy.javassist.JavassistProxyFactory$1.doInvoke(JavassistProxyFactory.java:46) [dubbo-2.5.3.jar:2.5.3]
	at com.alibaba.dubbo.rpc.proxy.AbstractProxyInvoker.invoke(AbstractProxyInvoker.java:72) [dubbo-2.5.3.jar:2.5.3]
	at com.alibaba.dubbo.rpc.protocol.InvokerWrapper.invoke(InvokerWrapper.java:53) [dubbo-2.5.3.jar:2.5.3]
	at com.alibaba.dubbo.rpc.filter.ExceptionFilter.invoke(ExceptionFilter.java:64) [dubbo-2.5.3.jar:2.5.3]
	at com.alibaba.dubbo.rpc.protocol.ProtocolFilterWrapper$1.invoke(ProtocolFilterWrapper.java:91) [dubbo-2.5.3.jar:2.5.3]
	at com.alibaba.dubbo.monitor.support.MonitorFilter.invoke(MonitorFilter.java:75) [dubbo-2.5.3.jar:2.5.3]
	at com.alibaba.dubbo.rpc.protocol.ProtocolFilterWrapper$1.invoke(ProtocolFilterWrapper.java:91) [dubbo-2.5.3.jar:2.5.3]
	at com.alibaba.dubbo.rpc.filter.TimeoutFilter.invoke(TimeoutFilter.java:42) [dubbo-2.5.3.jar:2.5.3]
	at com.alibaba.dubbo.rpc.protocol.ProtocolFilterWrapper$1.invoke(ProtocolFilterWrapper.java:91) [dubbo-2.5.3.jar:2.5.3]
	at com.alibaba.dubbo.rpc.protocol.dubbo.filter.TraceFilter.invoke(TraceFilter.java:78) [dubbo-2.5.3.jar:2.5.3]
	at com.alibaba.dubbo.rpc.protocol.ProtocolFilterWrapper$1.invoke(ProtocolFilterWrapper.java:91) [dubbo-2.5.3.jar:2.5.3]
	at com.alibaba.dubbo.rpc.filter.ContextFilter.invoke(ContextFilter.java:60) [dubbo-2.5.3.jar:2.5.3]
	at com.alibaba.dubbo.rpc.protocol.ProtocolFilterWrapper$1.invoke(ProtocolFilterWrapper.java:91) [dubbo-2.5.3.jar:2.5.3]
	at com.alibaba.dubbo.rpc.filter.GenericFilter.invoke(GenericFilter.java:112) [dubbo-2.5.3.jar:2.5.3]
	at com.alibaba.dubbo.rpc.protocol.ProtocolFilterWrapper$1.invoke(ProtocolFilterWrapper.java:91) [dubbo-2.5.3.jar:2.5.3]
	at com.alibaba.dubbo.rpc.filter.ClassLoaderFilter.invoke(ClassLoaderFilter.java:38) [dubbo-2.5.3.jar:2.5.3]
	at com.alibaba.dubbo.rpc.protocol.ProtocolFilterWrapper$1.invoke(ProtocolFilterWrapper.java:91) [dubbo-2.5.3.jar:2.5.3]
	at com.alibaba.dubbo.rpc.filter.EchoFilter.invoke(EchoFilter.java:38) [dubbo-2.5.3.jar:2.5.3]
	at com.alibaba.dubbo.rpc.protocol.ProtocolFilterWrapper$1.invoke(ProtocolFilterWrapper.java:91) [dubbo-2.5.3.jar:2.5.3]
	at com.alibaba.dubbo.rpc.protocol.dubbo.telnet.InvokeTelnetHandler.telnet(InvokeTelnetHandler.java:98) [dubbo-2.5.3.jar:2.5.3]
	at com.alibaba.dubbo.remoting.telnet.support.TelnetHandlerAdapter.telnet(TelnetHandlerAdapter.java:54) [dubbo-2.5.3.jar:2.5.3]
	at com.alibaba.dubbo.remoting.exchange.support.header.HeaderExchangeHandler.received(HeaderExchangeHandler.java:183) [dubbo-2.5.3.jar:2.5.3]
	at com.alibaba.dubbo.remoting.transport.DecodeHandler.received(DecodeHandler.java:52) [dubbo-2.5.3.jar:2.5.3]
	at com.alibaba.dubbo.remoting.transport.dispatcher.ChannelEventRunnable.run(ChannelEventRunnable.java:82) [dubbo-2.5.3.jar:2.5.3]
	at java.util.concurrent.ThreadPoolExecutor.runWorker(ThreadPoolExecutor.java:1128) [?:?]
	at java.util.concurrent.ThreadPoolExecutor$Worker.run(ThreadPoolExecutor.java:628) [?:?]
	at java.lang.Thread.run(Thread.java:834) [?:?]
Caused by: java.sql.SQLException: Field 'id' doesn't have a default value
	at com.mysql.cj.jdbc.exceptions.SQLError.createSQLException(SQLError.java:129) ~[mysql-connector-java-8.0.28.jar:8.0.28]
	at com.mysql.cj.jdbc.exceptions.SQLExceptionsMapping.translateException(SQLExceptionsMapping.java:122) ~[mysql-connector-java-8.0.28.jar:8.0.28]
	at com.mysql.cj.jdbc.ClientPreparedStatement.executeInternal(ClientPreparedStatement.java:953) ~[mysql-connector-java-8.0.28.jar:8.0.28]
	at com.mysql.cj.jdbc.ClientPreparedStatement.executeUpdateInternal(ClientPreparedStatement.java:1098) ~[mysql-connector-java-8.0.28.jar:8.0.28]
	at com.mysql.cj.jdbc.ClientPreparedStatement.executeUpdateInternal(ClientPreparedStatement.java:1046) ~[mysql-connector-java-8.0.28.jar:8.0.28]
	at com.mysql.cj.jdbc.ClientPreparedStatement.executeLargeUpdate(ClientPreparedStatement.java:1371) ~[mysql-connector-java-8.0.28.jar:8.0.28]
	at com.mysql.cj.jdbc.ClientPreparedStatement.executeUpdate(ClientPreparedStatement.java:1031) ~[mysql-connector-java-8.0.28.jar:8.0.28]
	at com.alibaba.druid.pool.DruidPooledPreparedStatement.executeUpdate(DruidPooledPreparedStatement.java:255) ~[druid-1.2.4.jar:1.2.4]
	at org.springframework.jdbc.core.JdbcTemplate.lambda$update$2(JdbcTemplate.java:965) ~[spring-jdbc-5.3.18.jar:5.3.18]
	at org.springframework.jdbc.core.JdbcTemplate.execute(JdbcTemplate.java:651) ~[spring-jdbc-5.3.18.jar:5.3.18]
	... 33 more
